{"C:\\Users\\williams.silva\\Documents\\projects\\js\\seubarriga\\knexfile.js": {"path":"C:\\Users\\williams.silva\\Documents\\projects\\js\\seubarriga\\knexfile.js","statementMap":{"0":{"start":{"line":1,"column":0},"end":{"line":31,"column":2}}},"fnMap":{},"branchMap":{},"s":{"0":7},"f":{},"b":{},"_coverageSchema":"332fd63041d2c1bcb487cc26dd0d5f7d97098a6c","hash":"cc6d4a0bb0bec83030d4d62f0732902b7e477ef9"}
,"C:\\Users\\williams.silva\\Documents\\projects\\js\\seubarriga\\src\\app.js": {"path":"C:\\Users\\williams.silva\\Documents\\projects\\js\\seubarriga\\src\\app.js","statementMap":{"0":{"start":{"line":1,"column":12},"end":{"line":1,"column":32}},"1":{"start":{"line":2,"column":16},"end":{"line":2,"column":34}},"2":{"start":{"line":3,"column":13},"end":{"line":3,"column":28}},"3":{"start":{"line":4,"column":17},"end":{"line":4,"column":39}},"4":{"start":{"line":6,"column":0},"end":{"line":6,"column":46}},"5":{"start":{"line":8,"column":0},"end":{"line":8,"column":34}},"6":{"start":{"line":10,"column":0},"end":{"line":16,"column":13}},"7":{"start":{"line":18,"column":0},"end":{"line":20,"column":3}},"8":{"start":{"line":19,"column":2},"end":{"line":19,"column":25}},"9":{"start":{"line":22,"column":0},"end":{"line":31,"column":3}},"10":{"start":{"line":23,"column":35},"end":{"line":23,"column":38}},"11":{"start":{"line":24,"column":2},"end":{"line":29,"column":3}},"12":{"start":{"line":24,"column":34},"end":{"line":24,"column":75}},"13":{"start":{"line":25,"column":7},"end":{"line":29,"column":3}},"14":{"start":{"line":25,"column":44},"end":{"line":25,"column":85}},"15":{"start":{"line":30,"column":2},"end":{"line":30,"column":9}},"16":{"start":{"line":38,"column":0},"end":{"line":38,"column":21}}},"fnMap":{"0":{"name":"(anonymous_0)","decl":{"start":{"line":18,"column":13},"end":{"line":18,"column":14}},"loc":{"start":{"line":18,"column":27},"end":{"line":20,"column":1}},"line":18},"1":{"name":"(anonymous_1)","decl":{"start":{"line":22,"column":8},"end":{"line":22,"column":9}},"loc":{"start":{"line":22,"column":33},"end":{"line":31,"column":1}},"line":22}},"branchMap":{"0":{"loc":{"start":{"line":24,"column":2},"end":{"line":29,"column":3}},"type":"if","locations":[{"start":{"line":24,"column":2},"end":{"line":29,"column":3}},{"start":{"line":24,"column":2},"end":{"line":29,"column":3}}],"line":24},"1":{"loc":{"start":{"line":25,"column":7},"end":{"line":29,"column":3}},"type":"if","locations":[{"start":{"line":25,"column":7},"end":{"line":29,"column":3}},{"start":{"line":25,"column":7},"end":{"line":29,"column":3}}],"line":25}},"s":{"0":7,"1":7,"2":7,"3":7,"4":7,"5":7,"6":7,"7":7,"8":1,"9":7,"10":34,"11":34,"12":29,"13":5,"14":5,"15":34,"16":7},"f":{"0":1,"1":34},"b":{"0":[29,5],"1":[5,0]},"_coverageSchema":"332fd63041d2c1bcb487cc26dd0d5f7d97098a6c","hash":"186f6403d9abfd0eaad94d58ddc1692996e5ff86"}
,"C:\\Users\\williams.silva\\Documents\\projects\\js\\seubarriga\\src\\config\\middlewares.js": {"path":"C:\\Users\\williams.silva\\Documents\\projects\\js\\seubarriga\\src\\config\\middlewares.js","statementMap":{"0":{"start":{"line":1,"column":19},"end":{"line":1,"column":41}},"1":{"start":{"line":4,"column":0},"end":{"line":7,"column":2}},"2":{"start":{"line":5,"column":2},"end":{"line":5,"column":29}}},"fnMap":{"0":{"name":"(anonymous_0)","decl":{"start":{"line":4,"column":17},"end":{"line":4,"column":18}},"loc":{"start":{"line":4,"column":26},"end":{"line":7,"column":1}},"line":4}},"branchMap":{},"s":{"0":7,"1":7,"2":7},"f":{"0":7},"b":{},"_coverageSchema":"332fd63041d2c1bcb487cc26dd0d5f7d97098a6c","hash":"9aaa5871fbaab1828877a24f495a51e219b722ec"}
,"C:\\Users\\williams.silva\\Documents\\projects\\js\\seubarriga\\src\\config\\passport.js": {"path":"C:\\Users\\williams.silva\\Documents\\projects\\js\\seubarriga\\src\\config\\passport.js","statementMap":{"0":{"start":{"line":1,"column":17},"end":{"line":1,"column":36}},"1":{"start":{"line":2,"column":20},"end":{"line":2,"column":43}},"2":{"start":{"line":4,"column":15},"end":{"line":4,"column":25}},"3":{"start":{"line":6,"column":33},"end":{"line":6,"column":44}},"4":{"start":{"line":8,"column":0},"end":{"line":27,"column":2}},"5":{"start":{"line":9,"column":17},"end":{"line":12,"column":3}},"6":{"start":{"line":14,"column":19},"end":{"line":20,"column":4}},"7":{"start":{"line":15,"column":4},"end":{"line":19,"column":40}},"8":{"start":{"line":17,"column":8},"end":{"line":18,"column":31}},"9":{"start":{"line":17,"column":18},"end":{"line":17,"column":45}},"10":{"start":{"line":18,"column":13},"end":{"line":18,"column":31}},"11":{"start":{"line":19,"column":22},"end":{"line":19,"column":38}},"12":{"start":{"line":22,"column":2},"end":{"line":22,"column":25}},"13":{"start":{"line":24,"column":2},"end":{"line":26,"column":4}},"14":{"start":{"line":25,"column":24},"end":{"line":25,"column":72}}},"fnMap":{"0":{"name":"(anonymous_0)","decl":{"start":{"line":8,"column":17},"end":{"line":8,"column":18}},"loc":{"start":{"line":8,"column":26},"end":{"line":27,"column":1}},"line":8},"1":{"name":"(anonymous_1)","decl":{"start":{"line":14,"column":40},"end":{"line":14,"column":41}},"loc":{"start":{"line":14,"column":59},"end":{"line":20,"column":3}},"line":14},"2":{"name":"(anonymous_2)","decl":{"start":{"line":16,"column":12},"end":{"line":16,"column":13}},"loc":{"start":{"line":16,"column":22},"end":{"line":19,"column":7}},"line":16},"3":{"name":"(anonymous_3)","decl":{"start":{"line":19,"column":15},"end":{"line":19,"column":16}},"loc":{"start":{"line":19,"column":22},"end":{"line":19,"column":38}},"line":19},"4":{"name":"(anonymous_4)","decl":{"start":{"line":25,"column":18},"end":{"line":25,"column":19}},"loc":{"start":{"line":25,"column":24},"end":{"line":25,"column":72}},"line":25}},"branchMap":{"0":{"loc":{"start":{"line":17,"column":8},"end":{"line":18,"column":31}},"type":"if","locations":[{"start":{"line":17,"column":8},"end":{"line":18,"column":31}},{"start":{"line":17,"column":8},"end":{"line":18,"column":31}}],"line":17}},"s":{"0":7,"1":7,"2":7,"3":7,"4":7,"5":7,"6":7,"7":71,"8":71,"9":71,"10":0,"11":0,"12":7,"13":7,"14":7},"f":{"0":7,"1":71,"2":71,"3":0,"4":7},"b":{"0":[71,0]},"_coverageSchema":"332fd63041d2c1bcb487cc26dd0d5f7d97098a6c","hash":"986341ac93e6c10c8abdb597f98c73d594d35d07"}
,"C:\\Users\\williams.silva\\Documents\\projects\\js\\seubarriga\\src\\config\\router.js": {"path":"C:\\Users\\williams.silva\\Documents\\projects\\js\\seubarriga\\src\\config\\router.js","statementMap":{"0":{"start":{"line":1,"column":16},"end":{"line":1,"column":34}},"1":{"start":{"line":3,"column":0},"end":{"line":17,"column":2}},"2":{"start":{"line":4,"column":2},"end":{"line":4,"column":36}},"3":{"start":{"line":5,"column":26},"end":{"line":5,"column":42}},"4":{"start":{"line":7,"column":2},"end":{"line":7,"column":50}},"5":{"start":{"line":8,"column":2},"end":{"line":8,"column":56}},"6":{"start":{"line":9,"column":2},"end":{"line":9,"column":64}},"7":{"start":{"line":10,"column":2},"end":{"line":10,"column":58}},"8":{"start":{"line":11,"column":2},"end":{"line":11,"column":54}},"9":{"start":{"line":13,"column":2},"end":{"line":13,"column":70}},"10":{"start":{"line":15,"column":2},"end":{"line":15,"column":71}},"11":{"start":{"line":15,"column":37},"end":{"line":15,"column":69}},"12":{"start":{"line":16,"column":2},"end":{"line":16,"column":34}}},"fnMap":{"0":{"name":"(anonymous_0)","decl":{"start":{"line":3,"column":17},"end":{"line":3,"column":18}},"loc":{"start":{"line":3,"column":26},"end":{"line":17,"column":1}},"line":3},"1":{"name":"(anonymous_1)","decl":{"start":{"line":15,"column":23},"end":{"line":15,"column":24}},"loc":{"start":{"line":15,"column":37},"end":{"line":15,"column":69}},"line":15}},"branchMap":{},"s":{"0":7,"1":7,"2":7,"3":7,"4":7,"5":7,"6":7,"7":7,"8":7,"9":7,"10":7,"11":0,"12":7},"f":{"0":7,"1":0},"b":{},"_coverageSchema":"332fd63041d2c1bcb487cc26dd0d5f7d97098a6c","hash":"5dad4331feb0061a258422b4b2c36017b88d3991"}
,"C:\\Users\\williams.silva\\Documents\\projects\\js\\seubarriga\\src\\errors\\RecursoIndevidoError.js": {"path":"C:\\Users\\williams.silva\\Documents\\projects\\js\\seubarriga\\src\\errors\\RecursoIndevidoError.js","statementMap":{"0":{"start":{"line":1,"column":0},"end":{"line":4,"column":2}},"1":{"start":{"line":2,"column":2},"end":{"line":2,"column":37}},"2":{"start":{"line":3,"column":2},"end":{"line":3,"column":25}}},"fnMap":{"0":{"name":"RecursoIndevidoError","decl":{"start":{"line":1,"column":26},"end":{"line":1,"column":46}},"loc":{"start":{"line":1,"column":98},"end":{"line":4,"column":1}},"line":1}},"branchMap":{"0":{"loc":{"start":{"line":1,"column":47},"end":{"line":1,"column":96}},"type":"default-arg","locations":[{"start":{"line":1,"column":57},"end":{"line":1,"column":96}}],"line":1}},"s":{"0":7,"1":5,"2":5},"f":{"0":5},"b":{"0":[5]},"_coverageSchema":"332fd63041d2c1bcb487cc26dd0d5f7d97098a6c","hash":"5de5ae67091aee8fdd2d6605bfdb828f8d574b56"}
,"C:\\Users\\williams.silva\\Documents\\projects\\js\\seubarriga\\src\\errors\\ValidationError.js": {"path":"C:\\Users\\williams.silva\\Documents\\projects\\js\\seubarriga\\src\\errors\\ValidationError.js","statementMap":{"0":{"start":{"line":1,"column":0},"end":{"line":4,"column":2}},"1":{"start":{"line":2,"column":2},"end":{"line":2,"column":32}},"2":{"start":{"line":3,"column":2},"end":{"line":3,"column":25}}},"fnMap":{"0":{"name":"ValidationError","decl":{"start":{"line":1,"column":26},"end":{"line":1,"column":41}},"loc":{"start":{"line":1,"column":51},"end":{"line":4,"column":1}},"line":1}},"branchMap":{},"s":{"0":7,"1":29,"2":29},"f":{"0":29},"b":{},"_coverageSchema":"332fd63041d2c1bcb487cc26dd0d5f7d97098a6c","hash":"a3ba0bc6bb17bd65a51e98f7290fffd903ff5e9a"}
,"C:\\Users\\williams.silva\\Documents\\projects\\js\\seubarriga\\src\\routes\\accounts.js": {"path":"C:\\Users\\williams.silva\\Documents\\projects\\js\\seubarriga\\src\\routes\\accounts.js","statementMap":{"0":{"start":{"line":1,"column":16},"end":{"line":1,"column":34}},"1":{"start":{"line":2,"column":29},"end":{"line":2,"column":70}},"2":{"start":{"line":4,"column":0},"end":{"line":46,"column":2}},"3":{"start":{"line":5,"column":17},"end":{"line":5,"column":33}},"4":{"start":{"line":7,"column":2},"end":{"line":13,"column":5}},"5":{"start":{"line":8,"column":4},"end":{"line":12,"column":33}},"6":{"start":{"line":10,"column":8},"end":{"line":11,"column":20}},"7":{"start":{"line":10,"column":41},"end":{"line":10,"column":74}},"8":{"start":{"line":11,"column":13},"end":{"line":11,"column":20}},"9":{"start":{"line":12,"column":22},"end":{"line":12,"column":31}},"10":{"start":{"line":15,"column":2},"end":{"line":19,"column":5}},"11":{"start":{"line":16,"column":4},"end":{"line":18,"column":31}},"12":{"start":{"line":17,"column":22},"end":{"line":17,"column":53}},"13":{"start":{"line":18,"column":20},"end":{"line":18,"column":29}},"14":{"start":{"line":21,"column":2},"end":{"line":25,"column":5}},"15":{"start":{"line":22,"column":4},"end":{"line":24,"column":31}},"16":{"start":{"line":23,"column":22},"end":{"line":23,"column":50}},"17":{"start":{"line":24,"column":20},"end":{"line":24,"column":29}},"18":{"start":{"line":27,"column":2},"end":{"line":31,"column":5}},"19":{"start":{"line":28,"column":4},"end":{"line":30,"column":31}},"20":{"start":{"line":29,"column":22},"end":{"line":29,"column":50}},"21":{"start":{"line":30,"column":20},"end":{"line":30,"column":29}},"22":{"start":{"line":33,"column":2},"end":{"line":37,"column":5}},"23":{"start":{"line":34,"column":4},"end":{"line":36,"column":31}},"24":{"start":{"line":35,"column":22},"end":{"line":35,"column":53}},"25":{"start":{"line":36,"column":20},"end":{"line":36,"column":29}},"26":{"start":{"line":39,"column":2},"end":{"line":43,"column":5}},"27":{"start":{"line":40,"column":4},"end":{"line":42,"column":31}},"28":{"start":{"line":41,"column":18},"end":{"line":41,"column":40}},"29":{"start":{"line":42,"column":20},"end":{"line":42,"column":29}},"30":{"start":{"line":45,"column":2},"end":{"line":45,"column":16}}},"fnMap":{"0":{"name":"(anonymous_0)","decl":{"start":{"line":4,"column":17},"end":{"line":4,"column":18}},"loc":{"start":{"line":4,"column":26},"end":{"line":46,"column":1}},"line":4},"1":{"name":"(anonymous_1)","decl":{"start":{"line":7,"column":21},"end":{"line":7,"column":22}},"loc":{"start":{"line":7,"column":41},"end":{"line":13,"column":3}},"line":7},"2":{"name":"(anonymous_2)","decl":{"start":{"line":9,"column":12},"end":{"line":9,"column":13}},"loc":{"start":{"line":9,"column":21},"end":{"line":12,"column":7}},"line":9},"3":{"name":"(anonymous_3)","decl":{"start":{"line":12,"column":15},"end":{"line":12,"column":16}},"loc":{"start":{"line":12,"column":22},"end":{"line":12,"column":31}},"line":12},"4":{"name":"(anonymous_4)","decl":{"start":{"line":15,"column":19},"end":{"line":15,"column":20}},"loc":{"start":{"line":15,"column":39},"end":{"line":19,"column":3}},"line":15},"5":{"name":"(anonymous_5)","decl":{"start":{"line":17,"column":12},"end":{"line":17,"column":13}},"loc":{"start":{"line":17,"column":22},"end":{"line":17,"column":53}},"line":17},"6":{"name":"(anonymous_6)","decl":{"start":{"line":18,"column":13},"end":{"line":18,"column":14}},"loc":{"start":{"line":18,"column":20},"end":{"line":18,"column":29}},"line":18},"7":{"name":"(anonymous_7)","decl":{"start":{"line":21,"column":18},"end":{"line":21,"column":19}},"loc":{"start":{"line":21,"column":38},"end":{"line":25,"column":3}},"line":21},"8":{"name":"(anonymous_8)","decl":{"start":{"line":23,"column":12},"end":{"line":23,"column":13}},"loc":{"start":{"line":23,"column":22},"end":{"line":23,"column":50}},"line":23},"9":{"name":"(anonymous_9)","decl":{"start":{"line":24,"column":13},"end":{"line":24,"column":14}},"loc":{"start":{"line":24,"column":20},"end":{"line":24,"column":29}},"line":24},"10":{"name":"(anonymous_10)","decl":{"start":{"line":27,"column":21},"end":{"line":27,"column":22}},"loc":{"start":{"line":27,"column":41},"end":{"line":31,"column":3}},"line":27},"11":{"name":"(anonymous_11)","decl":{"start":{"line":29,"column":12},"end":{"line":29,"column":13}},"loc":{"start":{"line":29,"column":22},"end":{"line":29,"column":50}},"line":29},"12":{"name":"(anonymous_12)","decl":{"start":{"line":30,"column":13},"end":{"line":30,"column":14}},"loc":{"start":{"line":30,"column":20},"end":{"line":30,"column":29}},"line":30},"13":{"name":"(anonymous_13)","decl":{"start":{"line":33,"column":21},"end":{"line":33,"column":22}},"loc":{"start":{"line":33,"column":41},"end":{"line":37,"column":3}},"line":33},"14":{"name":"(anonymous_14)","decl":{"start":{"line":35,"column":12},"end":{"line":35,"column":13}},"loc":{"start":{"line":35,"column":22},"end":{"line":35,"column":53}},"line":35},"15":{"name":"(anonymous_15)","decl":{"start":{"line":36,"column":13},"end":{"line":36,"column":14}},"loc":{"start":{"line":36,"column":20},"end":{"line":36,"column":29}},"line":36},"16":{"name":"(anonymous_16)","decl":{"start":{"line":39,"column":24},"end":{"line":39,"column":25}},"loc":{"start":{"line":39,"column":44},"end":{"line":43,"column":3}},"line":39},"17":{"name":"(anonymous_17)","decl":{"start":{"line":41,"column":12},"end":{"line":41,"column":13}},"loc":{"start":{"line":41,"column":18},"end":{"line":41,"column":40}},"line":41},"18":{"name":"(anonymous_18)","decl":{"start":{"line":42,"column":13},"end":{"line":42,"column":14}},"loc":{"start":{"line":42,"column":20},"end":{"line":42,"column":29}},"line":42}},"branchMap":{"0":{"loc":{"start":{"line":10,"column":8},"end":{"line":11,"column":20}},"type":"if","locations":[{"start":{"line":10,"column":8},"end":{"line":11,"column":20}},{"start":{"line":10,"column":8},"end":{"line":11,"column":20}}],"line":10}},"s":{"0":7,"1":7,"2":7,"3":7,"4":7,"5":7,"6":7,"7":3,"8":4,"9":3,"10":7,"11":3,"12":1,"13":2,"14":7,"15":1,"16":1,"17":0,"18":7,"19":1,"20":1,"21":0,"22":7,"23":1,"24":1,"25":0,"26":7,"27":2,"28":1,"29":1,"30":7},"f":{"0":7,"1":7,"2":7,"3":3,"4":3,"5":1,"6":2,"7":1,"8":1,"9":0,"10":1,"11":1,"12":0,"13":1,"14":1,"15":0,"16":2,"17":1,"18":1},"b":{"0":[3,4]},"_coverageSchema":"332fd63041d2c1bcb487cc26dd0d5f7d97098a6c","hash":"e2e6d1de2359cdaad94fed92ede44114818630de"}
,"C:\\Users\\williams.silva\\Documents\\projects\\js\\seubarriga\\src\\routes\\auth.js": {"path":"C:\\Users\\williams.silva\\Documents\\projects\\js\\seubarriga\\src\\routes\\auth.js","statementMap":{"0":{"start":{"line":1,"column":15},"end":{"line":1,"column":39}},"1":{"start":{"line":2,"column":16},"end":{"line":2,"column":34}},"2":{"start":{"line":3,"column":12},"end":{"line":3,"column":33}},"3":{"start":{"line":4,"column":24},"end":{"line":4,"column":60}},"4":{"start":{"line":6,"column":15},"end":{"line":6,"column":25}},"5":{"start":{"line":8,"column":0},"end":{"line":37,"column":2}},"6":{"start":{"line":9,"column":17},"end":{"line":9,"column":33}},"7":{"start":{"line":11,"column":2},"end":{"line":25,"column":5}},"8":{"start":{"line":12,"column":4},"end":{"line":24,"column":33}},"9":{"start":{"line":14,"column":8},"end":{"line":14,"column":75}},"10":{"start":{"line":14,"column":19},"end":{"line":14,"column":75}},"11":{"start":{"line":15,"column":8},"end":{"line":23,"column":71}},"12":{"start":{"line":16,"column":26},"end":{"line":20,"column":11}},"13":{"start":{"line":21,"column":24},"end":{"line":21,"column":51}},"14":{"start":{"line":22,"column":10},"end":{"line":22,"column":42}},"15":{"start":{"line":23,"column":15},"end":{"line":23,"column":71}},"16":{"start":{"line":24,"column":22},"end":{"line":24,"column":31}},"17":{"start":{"line":27,"column":2},"end":{"line":34,"column":5}},"18":{"start":{"line":28,"column":4},"end":{"line":33,"column":5}},"19":{"start":{"line":29,"column":21},"end":{"line":29,"column":59}},"20":{"start":{"line":30,"column":6},"end":{"line":30,"column":45}},"21":{"start":{"line":32,"column":6},"end":{"line":32,"column":23}},"22":{"start":{"line":36,"column":2},"end":{"line":36,"column":16}}},"fnMap":{"0":{"name":"(anonymous_0)","decl":{"start":{"line":8,"column":17},"end":{"line":8,"column":18}},"loc":{"start":{"line":8,"column":26},"end":{"line":37,"column":1}},"line":8},"1":{"name":"(anonymous_1)","decl":{"start":{"line":11,"column":25},"end":{"line":11,"column":26}},"loc":{"start":{"line":11,"column":45},"end":{"line":25,"column":3}},"line":11},"2":{"name":"(anonymous_2)","decl":{"start":{"line":13,"column":12},"end":{"line":13,"column":13}},"loc":{"start":{"line":13,"column":22},"end":{"line":24,"column":7}},"line":13},"3":{"name":"(anonymous_3)","decl":{"start":{"line":24,"column":15},"end":{"line":24,"column":16}},"loc":{"start":{"line":24,"column":22},"end":{"line":24,"column":31}},"line":24},"4":{"name":"(anonymous_4)","decl":{"start":{"line":27,"column":25},"end":{"line":27,"column":26}},"loc":{"start":{"line":27,"column":51},"end":{"line":34,"column":3}},"line":27}},"branchMap":{"0":{"loc":{"start":{"line":14,"column":8},"end":{"line":14,"column":75}},"type":"if","locations":[{"start":{"line":14,"column":8},"end":{"line":14,"column":75}},{"start":{"line":14,"column":8},"end":{"line":14,"column":75}}],"line":14},"1":{"loc":{"start":{"line":15,"column":8},"end":{"line":23,"column":71}},"type":"if","locations":[{"start":{"line":15,"column":8},"end":{"line":23,"column":71}},{"start":{"line":15,"column":8},"end":{"line":23,"column":71}}],"line":15}},"s":{"0":7,"1":7,"2":7,"3":7,"4":7,"5":7,"6":7,"7":7,"8":3,"9":3,"10":1,"11":2,"12":1,"13":1,"14":1,"15":1,"16":2,"17":7,"18":1,"19":1,"20":1,"21":0,"22":7},"f":{"0":7,"1":3,"2":3,"3":2,"4":1},"b":{"0":[1,2],"1":[1,1]},"_coverageSchema":"332fd63041d2c1bcb487cc26dd0d5f7d97098a6c","hash":"afb0f9e6007c513f16d63f5991241d2d8dd08415"}
,"C:\\Users\\williams.silva\\Documents\\projects\\js\\seubarriga\\src\\routes\\balance.js": {"path":"C:\\Users\\williams.silva\\Documents\\projects\\js\\seubarriga\\src\\routes\\balance.js","statementMap":{"0":{"start":{"line":1,"column":16},"end":{"line":1,"column":34}},"1":{"start":{"line":3,"column":0},"end":{"line":13,"column":2}},"2":{"start":{"line":4,"column":17},"end":{"line":4,"column":33}},"3":{"start":{"line":6,"column":2},"end":{"line":10,"column":5}},"4":{"start":{"line":7,"column":4},"end":{"line":9,"column":31}},"5":{"start":{"line":8,"column":22},"end":{"line":8,"column":50}},"6":{"start":{"line":9,"column":20},"end":{"line":9,"column":29}},"7":{"start":{"line":12,"column":2},"end":{"line":12,"column":16}}},"fnMap":{"0":{"name":"(anonymous_0)","decl":{"start":{"line":3,"column":17},"end":{"line":3,"column":18}},"loc":{"start":{"line":3,"column":26},"end":{"line":13,"column":1}},"line":3},"1":{"name":"(anonymous_1)","decl":{"start":{"line":6,"column":18},"end":{"line":6,"column":19}},"loc":{"start":{"line":6,"column":38},"end":{"line":10,"column":3}},"line":6},"2":{"name":"(anonymous_2)","decl":{"start":{"line":8,"column":12},"end":{"line":8,"column":13}},"loc":{"start":{"line":8,"column":22},"end":{"line":8,"column":50}},"line":8},"3":{"name":"(anonymous_3)","decl":{"start":{"line":9,"column":13},"end":{"line":9,"column":14}},"loc":{"start":{"line":9,"column":20},"end":{"line":9,"column":29}},"line":9}},"branchMap":{},"s":{"0":7,"1":7,"2":7,"3":7,"4":10,"5":10,"6":0,"7":7},"f":{"0":7,"1":10,"2":10,"3":0},"b":{},"_coverageSchema":"332fd63041d2c1bcb487cc26dd0d5f7d97098a6c","hash":"1a4c7f44d5269d72269e7a78a18fbbfc2a1ea2c6"}
,"C:\\Users\\williams.silva\\Documents\\projects\\js\\seubarriga\\src\\routes\\transactions.js": {"path":"C:\\Users\\williams.silva\\Documents\\projects\\js\\seubarriga\\src\\routes\\transactions.js","statementMap":{"0":{"start":{"line":1,"column":16},"end":{"line":1,"column":34}},"1":{"start":{"line":2,"column":29},"end":{"line":2,"column":70}},"2":{"start":{"line":4,"column":0},"end":{"line":46,"column":2}},"3":{"start":{"line":5,"column":17},"end":{"line":5,"column":33}},"4":{"start":{"line":7,"column":2},"end":{"line":13,"column":5}},"5":{"start":{"line":8,"column":4},"end":{"line":12,"column":33}},"6":{"start":{"line":10,"column":8},"end":{"line":11,"column":46}},"7":{"start":{"line":10,"column":31},"end":{"line":10,"column":38}},"8":{"start":{"line":11,"column":13},"end":{"line":11,"column":46}},"9":{"start":{"line":12,"column":22},"end":{"line":12,"column":31}},"10":{"start":{"line":15,"column":2},"end":{"line":19,"column":5}},"11":{"start":{"line":16,"column":4},"end":{"line":18,"column":31}},"12":{"start":{"line":17,"column":22},"end":{"line":17,"column":50}},"13":{"start":{"line":18,"column":20},"end":{"line":18,"column":29}},"14":{"start":{"line":21,"column":2},"end":{"line":25,"column":5}},"15":{"start":{"line":22,"column":4},"end":{"line":24,"column":31}},"16":{"start":{"line":23,"column":22},"end":{"line":23,"column":53}},"17":{"start":{"line":24,"column":20},"end":{"line":24,"column":29}},"18":{"start":{"line":27,"column":2},"end":{"line":31,"column":5}},"19":{"start":{"line":28,"column":4},"end":{"line":30,"column":31}},"20":{"start":{"line":29,"column":22},"end":{"line":29,"column":50}},"21":{"start":{"line":30,"column":20},"end":{"line":30,"column":29}},"22":{"start":{"line":33,"column":2},"end":{"line":37,"column":5}},"23":{"start":{"line":34,"column":4},"end":{"line":36,"column":31}},"24":{"start":{"line":35,"column":22},"end":{"line":35,"column":53}},"25":{"start":{"line":36,"column":20},"end":{"line":36,"column":29}},"26":{"start":{"line":39,"column":2},"end":{"line":43,"column":5}},"27":{"start":{"line":40,"column":4},"end":{"line":42,"column":31}},"28":{"start":{"line":41,"column":18},"end":{"line":41,"column":40}},"29":{"start":{"line":42,"column":20},"end":{"line":42,"column":29}},"30":{"start":{"line":45,"column":2},"end":{"line":45,"column":16}}},"fnMap":{"0":{"name":"(anonymous_0)","decl":{"start":{"line":4,"column":17},"end":{"line":4,"column":18}},"loc":{"start":{"line":4,"column":26},"end":{"line":46,"column":1}},"line":4},"1":{"name":"(anonymous_1)","decl":{"start":{"line":7,"column":21},"end":{"line":7,"column":22}},"loc":{"start":{"line":7,"column":41},"end":{"line":13,"column":3}},"line":7},"2":{"name":"(anonymous_2)","decl":{"start":{"line":9,"column":12},"end":{"line":9,"column":13}},"loc":{"start":{"line":9,"column":24},"end":{"line":12,"column":7}},"line":9},"3":{"name":"(anonymous_3)","decl":{"start":{"line":12,"column":15},"end":{"line":12,"column":16}},"loc":{"start":{"line":12,"column":22},"end":{"line":12,"column":31}},"line":12},"4":{"name":"(anonymous_4)","decl":{"start":{"line":15,"column":18},"end":{"line":15,"column":19}},"loc":{"start":{"line":15,"column":38},"end":{"line":19,"column":3}},"line":15},"5":{"name":"(anonymous_5)","decl":{"start":{"line":17,"column":12},"end":{"line":17,"column":13}},"loc":{"start":{"line":17,"column":22},"end":{"line":17,"column":50}},"line":17},"6":{"name":"(anonymous_6)","decl":{"start":{"line":18,"column":13},"end":{"line":18,"column":14}},"loc":{"start":{"line":18,"column":20},"end":{"line":18,"column":29}},"line":18},"7":{"name":"(anonymous_7)","decl":{"start":{"line":21,"column":19},"end":{"line":21,"column":20}},"loc":{"start":{"line":21,"column":39},"end":{"line":25,"column":3}},"line":21},"8":{"name":"(anonymous_8)","decl":{"start":{"line":23,"column":12},"end":{"line":23,"column":13}},"loc":{"start":{"line":23,"column":22},"end":{"line":23,"column":53}},"line":23},"9":{"name":"(anonymous_9)","decl":{"start":{"line":24,"column":13},"end":{"line":24,"column":14}},"loc":{"start":{"line":24,"column":20},"end":{"line":24,"column":29}},"line":24},"10":{"name":"(anonymous_10)","decl":{"start":{"line":27,"column":21},"end":{"line":27,"column":22}},"loc":{"start":{"line":27,"column":41},"end":{"line":31,"column":3}},"line":27},"11":{"name":"(anonymous_11)","decl":{"start":{"line":29,"column":12},"end":{"line":29,"column":13}},"loc":{"start":{"line":29,"column":22},"end":{"line":29,"column":50}},"line":29},"12":{"name":"(anonymous_12)","decl":{"start":{"line":30,"column":13},"end":{"line":30,"column":14}},"loc":{"start":{"line":30,"column":20},"end":{"line":30,"column":29}},"line":30},"13":{"name":"(anonymous_13)","decl":{"start":{"line":33,"column":21},"end":{"line":33,"column":22}},"loc":{"start":{"line":33,"column":41},"end":{"line":37,"column":3}},"line":33},"14":{"name":"(anonymous_14)","decl":{"start":{"line":35,"column":12},"end":{"line":35,"column":13}},"loc":{"start":{"line":35,"column":22},"end":{"line":35,"column":53}},"line":35},"15":{"name":"(anonymous_15)","decl":{"start":{"line":36,"column":13},"end":{"line":36,"column":14}},"loc":{"start":{"line":36,"column":20},"end":{"line":36,"column":29}},"line":36},"16":{"name":"(anonymous_16)","decl":{"start":{"line":39,"column":24},"end":{"line":39,"column":25}},"loc":{"start":{"line":39,"column":44},"end":{"line":43,"column":3}},"line":39},"17":{"name":"(anonymous_17)","decl":{"start":{"line":41,"column":12},"end":{"line":41,"column":13}},"loc":{"start":{"line":41,"column":18},"end":{"line":41,"column":40}},"line":41},"18":{"name":"(anonymous_18)","decl":{"start":{"line":42,"column":13},"end":{"line":42,"column":14}},"loc":{"start":{"line":42,"column":20},"end":{"line":42,"column":29}},"line":42}},"branchMap":{"0":{"loc":{"start":{"line":10,"column":8},"end":{"line":11,"column":46}},"type":"if","locations":[{"start":{"line":10,"column":8},"end":{"line":11,"column":46}},{"start":{"line":10,"column":8},"end":{"line":11,"column":46}}],"line":10}},"s":{"0":7,"1":7,"2":7,"3":7,"4":7,"5":4,"6":4,"7":3,"8":1,"9":1,"10":7,"11":1,"12":1,"13":0,"14":7,"15":16,"16":10,"17":0,"18":7,"19":1,"20":1,"21":0,"22":7,"23":1,"24":1,"25":0,"26":7,"27":1,"28":1,"29":0,"30":7},"f":{"0":7,"1":4,"2":4,"3":1,"4":1,"5":1,"6":0,"7":16,"8":10,"9":0,"10":1,"11":1,"12":0,"13":1,"14":1,"15":0,"16":1,"17":1,"18":0},"b":{"0":[3,1]},"_coverageSchema":"332fd63041d2c1bcb487cc26dd0d5f7d97098a6c","hash":"0db9893bd367965903d6a7f43a1f9e81fd8799a9"}
,"C:\\Users\\williams.silva\\Documents\\projects\\js\\seubarriga\\src\\routes\\transfers.js": {"path":"C:\\Users\\williams.silva\\Documents\\projects\\js\\seubarriga\\src\\routes\\transfers.js","statementMap":{"0":{"start":{"line":1,"column":16},"end":{"line":1,"column":34}},"1":{"start":{"line":3,"column":29},"end":{"line":3,"column":70}},"2":{"start":{"line":5,"column":0},"end":{"line":54,"column":2}},"3":{"start":{"line":6,"column":17},"end":{"line":6,"column":33}},"4":{"start":{"line":8,"column":19},"end":{"line":12,"column":3}},"5":{"start":{"line":9,"column":4},"end":{"line":11,"column":31}},"6":{"start":{"line":10,"column":18},"end":{"line":10,"column":24}},"7":{"start":{"line":11,"column":20},"end":{"line":11,"column":29}},"8":{"start":{"line":14,"column":2},"end":{"line":20,"column":5}},"9":{"start":{"line":15,"column":4},"end":{"line":19,"column":33}},"10":{"start":{"line":17,"column":8},"end":{"line":18,"column":20}},"11":{"start":{"line":17,"column":44},"end":{"line":17,"column":77}},"12":{"start":{"line":18,"column":13},"end":{"line":18,"column":20}},"13":{"start":{"line":19,"column":22},"end":{"line":19,"column":31}},"14":{"start":{"line":22,"column":2},"end":{"line":26,"column":5}},"15":{"start":{"line":23,"column":4},"end":{"line":25,"column":31}},"16":{"start":{"line":24,"column":22},"end":{"line":24,"column":50}},"17":{"start":{"line":25,"column":20},"end":{"line":25,"column":29}},"18":{"start":{"line":28,"column":2},"end":{"line":33,"column":5}},"19":{"start":{"line":29,"column":21},"end":{"line":29,"column":58}},"20":{"start":{"line":30,"column":4},"end":{"line":32,"column":31}},"21":{"start":{"line":31,"column":22},"end":{"line":31,"column":53}},"22":{"start":{"line":32,"column":20},"end":{"line":32,"column":29}},"23":{"start":{"line":35,"column":2},"end":{"line":39,"column":5}},"24":{"start":{"line":36,"column":4},"end":{"line":38,"column":31}},"25":{"start":{"line":37,"column":22},"end":{"line":37,"column":50}},"26":{"start":{"line":38,"column":20},"end":{"line":38,"column":29}},"27":{"start":{"line":41,"column":2},"end":{"line":45,"column":5}},"28":{"start":{"line":42,"column":4},"end":{"line":44,"column":31}},"29":{"start":{"line":43,"column":22},"end":{"line":43,"column":53}},"30":{"start":{"line":44,"column":20},"end":{"line":44,"column":29}},"31":{"start":{"line":47,"column":2},"end":{"line":51,"column":5}},"32":{"start":{"line":48,"column":4},"end":{"line":50,"column":31}},"33":{"start":{"line":49,"column":18},"end":{"line":49,"column":40}},"34":{"start":{"line":50,"column":20},"end":{"line":50,"column":29}},"35":{"start":{"line":53,"column":2},"end":{"line":53,"column":16}}},"fnMap":{"0":{"name":"(anonymous_0)","decl":{"start":{"line":5,"column":17},"end":{"line":5,"column":18}},"loc":{"start":{"line":5,"column":26},"end":{"line":54,"column":1}},"line":5},"1":{"name":"(anonymous_1)","decl":{"start":{"line":8,"column":19},"end":{"line":8,"column":20}},"loc":{"start":{"line":8,"column":39},"end":{"line":12,"column":3}},"line":8},"2":{"name":"(anonymous_2)","decl":{"start":{"line":10,"column":12},"end":{"line":10,"column":13}},"loc":{"start":{"line":10,"column":18},"end":{"line":10,"column":24}},"line":10},"3":{"name":"(anonymous_3)","decl":{"start":{"line":11,"column":13},"end":{"line":11,"column":14}},"loc":{"start":{"line":11,"column":20},"end":{"line":11,"column":29}},"line":11},"4":{"name":"(anonymous_4)","decl":{"start":{"line":14,"column":21},"end":{"line":14,"column":22}},"loc":{"start":{"line":14,"column":41},"end":{"line":20,"column":3}},"line":14},"5":{"name":"(anonymous_5)","decl":{"start":{"line":16,"column":12},"end":{"line":16,"column":13}},"loc":{"start":{"line":16,"column":24},"end":{"line":19,"column":7}},"line":16},"6":{"name":"(anonymous_6)","decl":{"start":{"line":19,"column":15},"end":{"line":19,"column":16}},"loc":{"start":{"line":19,"column":22},"end":{"line":19,"column":31}},"line":19},"7":{"name":"(anonymous_7)","decl":{"start":{"line":22,"column":18},"end":{"line":22,"column":19}},"loc":{"start":{"line":22,"column":38},"end":{"line":26,"column":3}},"line":22},"8":{"name":"(anonymous_8)","decl":{"start":{"line":24,"column":12},"end":{"line":24,"column":13}},"loc":{"start":{"line":24,"column":22},"end":{"line":24,"column":50}},"line":24},"9":{"name":"(anonymous_9)","decl":{"start":{"line":25,"column":13},"end":{"line":25,"column":14}},"loc":{"start":{"line":25,"column":20},"end":{"line":25,"column":29}},"line":25},"10":{"name":"(anonymous_10)","decl":{"start":{"line":28,"column":29},"end":{"line":28,"column":30}},"loc":{"start":{"line":28,"column":49},"end":{"line":33,"column":3}},"line":28},"11":{"name":"(anonymous_11)","decl":{"start":{"line":31,"column":12},"end":{"line":31,"column":13}},"loc":{"start":{"line":31,"column":22},"end":{"line":31,"column":53}},"line":31},"12":{"name":"(anonymous_12)","decl":{"start":{"line":32,"column":13},"end":{"line":32,"column":14}},"loc":{"start":{"line":32,"column":20},"end":{"line":32,"column":29}},"line":32},"13":{"name":"(anonymous_13)","decl":{"start":{"line":35,"column":21},"end":{"line":35,"column":22}},"loc":{"start":{"line":35,"column":41},"end":{"line":39,"column":3}},"line":35},"14":{"name":"(anonymous_14)","decl":{"start":{"line":37,"column":12},"end":{"line":37,"column":13}},"loc":{"start":{"line":37,"column":22},"end":{"line":37,"column":50}},"line":37},"15":{"name":"(anonymous_15)","decl":{"start":{"line":38,"column":13},"end":{"line":38,"column":14}},"loc":{"start":{"line":38,"column":20},"end":{"line":38,"column":29}},"line":38},"16":{"name":"(anonymous_16)","decl":{"start":{"line":41,"column":31},"end":{"line":41,"column":32}},"loc":{"start":{"line":41,"column":51},"end":{"line":45,"column":3}},"line":41},"17":{"name":"(anonymous_17)","decl":{"start":{"line":43,"column":12},"end":{"line":43,"column":13}},"loc":{"start":{"line":43,"column":22},"end":{"line":43,"column":53}},"line":43},"18":{"name":"(anonymous_18)","decl":{"start":{"line":44,"column":13},"end":{"line":44,"column":14}},"loc":{"start":{"line":44,"column":20},"end":{"line":44,"column":29}},"line":44},"19":{"name":"(anonymous_19)","decl":{"start":{"line":47,"column":24},"end":{"line":47,"column":25}},"loc":{"start":{"line":47,"column":44},"end":{"line":51,"column":3}},"line":47},"20":{"name":"(anonymous_20)","decl":{"start":{"line":49,"column":12},"end":{"line":49,"column":13}},"loc":{"start":{"line":49,"column":18},"end":{"line":49,"column":40}},"line":49},"21":{"name":"(anonymous_21)","decl":{"start":{"line":50,"column":13},"end":{"line":50,"column":14}},"loc":{"start":{"line":50,"column":20},"end":{"line":50,"column":29}},"line":50}},"branchMap":{"0":{"loc":{"start":{"line":17,"column":8},"end":{"line":18,"column":20}},"type":"if","locations":[{"start":{"line":17,"column":8},"end":{"line":18,"column":20}},{"start":{"line":17,"column":8},"end":{"line":18,"column":20}}],"line":17}},"s":{"0":7,"1":7,"2":7,"3":7,"4":7,"5":18,"6":4,"7":14,"8":7,"9":11,"10":11,"11":1,"12":10,"13":1,"14":7,"15":1,"16":1,"17":0,"18":7,"19":3,"20":3,"21":3,"22":0,"23":7,"24":1,"25":1,"26":0,"27":7,"28":1,"29":1,"30":0,"31":7,"32":1,"33":1,"34":0,"35":7},"f":{"0":7,"1":18,"2":4,"3":14,"4":11,"5":11,"6":1,"7":1,"8":1,"9":0,"10":3,"11":3,"12":0,"13":1,"14":1,"15":0,"16":1,"17":1,"18":0,"19":1,"20":1,"21":0},"b":{"0":[1,10]},"_coverageSchema":"332fd63041d2c1bcb487cc26dd0d5f7d97098a6c","hash":"fedfa73303b72d2315c54516ef1e2cf6bbd35cba"}
,"C:\\Users\\williams.silva\\Documents\\projects\\js\\seubarriga\\src\\routes\\users.js": {"path":"C:\\Users\\williams.silva\\Documents\\projects\\js\\seubarriga\\src\\routes\\users.js","statementMap":{"0":{"start":{"line":1,"column":16},"end":{"line":1,"column":34}},"1":{"start":{"line":3,"column":0},"end":{"line":21,"column":2}},"2":{"start":{"line":4,"column":17},"end":{"line":4,"column":33}},"3":{"start":{"line":6,"column":2},"end":{"line":10,"column":5}},"4":{"start":{"line":7,"column":4},"end":{"line":9,"column":31}},"5":{"start":{"line":8,"column":22},"end":{"line":8,"column":50}},"6":{"start":{"line":9,"column":20},"end":{"line":9,"column":29}},"7":{"start":{"line":11,"column":2},"end":{"line":18,"column":5}},"8":{"start":{"line":12,"column":4},"end":{"line":17,"column":5}},"9":{"start":{"line":13,"column":21},"end":{"line":13,"column":59}},"10":{"start":{"line":14,"column":6},"end":{"line":14,"column":45}},"11":{"start":{"line":16,"column":6},"end":{"line":16,"column":23}},"12":{"start":{"line":20,"column":2},"end":{"line":20,"column":16}}},"fnMap":{"0":{"name":"(anonymous_0)","decl":{"start":{"line":3,"column":17},"end":{"line":3,"column":18}},"loc":{"start":{"line":3,"column":26},"end":{"line":21,"column":1}},"line":3},"1":{"name":"(anonymous_1)","decl":{"start":{"line":6,"column":18},"end":{"line":6,"column":19}},"loc":{"start":{"line":6,"column":38},"end":{"line":10,"column":3}},"line":6},"2":{"name":"(anonymous_2)","decl":{"start":{"line":8,"column":12},"end":{"line":8,"column":13}},"loc":{"start":{"line":8,"column":22},"end":{"line":8,"column":50}},"line":8},"3":{"name":"(anonymous_3)","decl":{"start":{"line":9,"column":13},"end":{"line":9,"column":14}},"loc":{"start":{"line":9,"column":20},"end":{"line":9,"column":29}},"line":9},"4":{"name":"(anonymous_4)","decl":{"start":{"line":11,"column":19},"end":{"line":11,"column":20}},"loc":{"start":{"line":11,"column":45},"end":{"line":18,"column":3}},"line":11}},"branchMap":{},"s":{"0":7,"1":7,"2":7,"3":7,"4":1,"5":1,"6":0,"7":7,"8":6,"9":6,"10":2,"11":4,"12":7},"f":{"0":7,"1":1,"2":1,"3":0,"4":6},"b":{},"_coverageSchema":"332fd63041d2c1bcb487cc26dd0d5f7d97098a6c","hash":"8d2a26e19153be0e18219ef56aaeb548efc55c86"}
,"C:\\Users\\williams.silva\\Documents\\projects\\js\\seubarriga\\src\\seeds\\V1_transfer.js": {"path":"C:\\Users\\williams.silva\\Documents\\projects\\js\\seubarriga\\src\\seeds\\V1_transfer.js","statementMap":{"0":{"start":{"line":1,"column":0},"end":{"line":82,"column":8}},"1":{"start":{"line":1,"column":23},"end":{"line":82,"column":7}},"2":{"start":{"line":2,"column":14},"end":{"line":2,"column":37}},"3":{"start":{"line":3,"column":14},"end":{"line":3,"column":36}},"4":{"start":{"line":4,"column":14},"end":{"line":4,"column":33}},"5":{"start":{"line":5,"column":14},"end":{"line":19,"column":6}},"6":{"start":{"line":20,"column":14},"end":{"line":26,"column":6}},"7":{"start":{"line":27,"column":14},"end":{"line":47,"column":6}},"8":{"start":{"line":48,"column":14},"end":{"line":82,"column":6}}},"fnMap":{"0":{"name":"(anonymous_0)","decl":{"start":{"line":1,"column":15},"end":{"line":1,"column":16}},"loc":{"start":{"line":1,"column":23},"end":{"line":82,"column":7}},"line":1},"1":{"name":"(anonymous_1)","decl":{"start":{"line":2,"column":8},"end":{"line":2,"column":9}},"loc":{"start":{"line":2,"column":14},"end":{"line":2,"column":37}},"line":2},"2":{"name":"(anonymous_2)","decl":{"start":{"line":3,"column":8},"end":{"line":3,"column":9}},"loc":{"start":{"line":3,"column":14},"end":{"line":3,"column":36}},"line":3},"3":{"name":"(anonymous_3)","decl":{"start":{"line":4,"column":8},"end":{"line":4,"column":9}},"loc":{"start":{"line":4,"column":14},"end":{"line":4,"column":33}},"line":4},"4":{"name":"(anonymous_4)","decl":{"start":{"line":5,"column":8},"end":{"line":5,"column":9}},"loc":{"start":{"line":5,"column":14},"end":{"line":19,"column":6}},"line":5},"5":{"name":"(anonymous_5)","decl":{"start":{"line":20,"column":8},"end":{"line":20,"column":9}},"loc":{"start":{"line":20,"column":14},"end":{"line":26,"column":6}},"line":20},"6":{"name":"(anonymous_6)","decl":{"start":{"line":27,"column":8},"end":{"line":27,"column":9}},"loc":{"start":{"line":27,"column":14},"end":{"line":47,"column":6}},"line":27},"7":{"name":"(anonymous_7)","decl":{"start":{"line":48,"column":8},"end":{"line":48,"column":9}},"loc":{"start":{"line":48,"column":14},"end":{"line":82,"column":6}},"line":48}},"branchMap":{},"s":{"0":2,"1":2,"2":2,"3":2,"4":2,"5":2,"6":2,"7":2,"8":2},"f":{"0":2,"1":2,"2":2,"3":2,"4":2,"5":2,"6":2,"7":2},"b":{},"_coverageSchema":"332fd63041d2c1bcb487cc26dd0d5f7d97098a6c","hash":"c914d58aea8b7494865a5aeeeacff3f4d043213e"}
,"C:\\Users\\williams.silva\\Documents\\projects\\js\\seubarriga\\src\\seeds\\V2_balance.js": {"path":"C:\\Users\\williams.silva\\Documents\\projects\\js\\seubarriga\\src\\seeds\\V2_balance.js","statementMap":{"0":{"start":{"line":1,"column":15},"end":{"line":1,"column":32}},"1":{"start":{"line":3,"column":0},"end":{"line":152,"column":8}},"2":{"start":{"line":3,"column":23},"end":{"line":152,"column":7}},"3":{"start":{"line":23,"column":16},"end":{"line":31,"column":6}},"4":{"start":{"line":32,"column":14},"end":{"line":52,"column":6}},"5":{"start":{"line":53,"column":14},"end":{"line":152,"column":6}}},"fnMap":{"0":{"name":"(anonymous_0)","decl":{"start":{"line":3,"column":15},"end":{"line":3,"column":16}},"loc":{"start":{"line":3,"column":23},"end":{"line":152,"column":7}},"line":3},"1":{"name":"(anonymous_1)","decl":{"start":{"line":23,"column":10},"end":{"line":23,"column":11}},"loc":{"start":{"line":23,"column":16},"end":{"line":31,"column":6}},"line":23},"2":{"name":"(anonymous_2)","decl":{"start":{"line":32,"column":8},"end":{"line":32,"column":9}},"loc":{"start":{"line":32,"column":14},"end":{"line":52,"column":6}},"line":32},"3":{"name":"(anonymous_3)","decl":{"start":{"line":53,"column":8},"end":{"line":53,"column":9}},"loc":{"start":{"line":53,"column":14},"end":{"line":152,"column":6}},"line":53}},"branchMap":{},"s":{"0":2,"1":2,"2":2,"3":2,"4":2,"5":2},"f":{"0":2,"1":2,"2":2,"3":2},"b":{},"_coverageSchema":"332fd63041d2c1bcb487cc26dd0d5f7d97098a6c","hash":"8137e0f5ef29bea16e2c8b2cf88cb4b5064aac14"}
,"C:\\Users\\williams.silva\\Documents\\projects\\js\\seubarriga\\src\\services\\account.js": {"path":"C:\\Users\\williams.silva\\Documents\\projects\\js\\seubarriga\\src\\services\\account.js","statementMap":{"0":{"start":{"line":1,"column":24},"end":{"line":1,"column":60}},"1":{"start":{"line":3,"column":0},"end":{"line":32,"column":2}},"2":{"start":{"line":4,"column":15},"end":{"line":4,"column":72}},"3":{"start":{"line":4,"column":32},"end":{"line":4,"column":72}},"4":{"start":{"line":6,"column":18},"end":{"line":6,"column":73}},"5":{"start":{"line":6,"column":28},"end":{"line":6,"column":73}},"6":{"start":{"line":8,"column":15},"end":{"line":15,"column":3}},"7":{"start":{"line":9,"column":4},"end":{"line":9,"column":84}},"8":{"start":{"line":9,"column":23},"end":{"line":9,"column":84}},"9":{"start":{"line":11,"column":18},"end":{"line":11,"column":78}},"10":{"start":{"line":12,"column":4},"end":{"line":12,"column":79}},"11":{"start":{"line":12,"column":15},"end":{"line":12,"column":79}},"12":{"start":{"line":14,"column":4},"end":{"line":14,"column":51}},"13":{"start":{"line":17,"column":17},"end":{"line":19,"column":25}},"14":{"start":{"line":17,"column":34},"end":{"line":19,"column":25}},"15":{"start":{"line":21,"column":17},"end":{"line":27,"column":3}},"16":{"start":{"line":22,"column":24},"end":{"line":22,"column":78}},"17":{"start":{"line":23,"column":4},"end":{"line":23,"column":89}},"18":{"start":{"line":23,"column":21},"end":{"line":23,"column":89}},"19":{"start":{"line":24,"column":4},"end":{"line":26,"column":13}},"20":{"start":{"line":29,"column":2},"end":{"line":31,"column":4}}},"fnMap":{"0":{"name":"(anonymous_0)","decl":{"start":{"line":3,"column":17},"end":{"line":3,"column":18}},"loc":{"start":{"line":3,"column":26},"end":{"line":32,"column":1}},"line":3},"1":{"name":"(anonymous_1)","decl":{"start":{"line":4,"column":15},"end":{"line":4,"column":16}},"loc":{"start":{"line":4,"column":32},"end":{"line":4,"column":72}},"line":4},"2":{"name":"(anonymous_2)","decl":{"start":{"line":6,"column":18},"end":{"line":6,"column":19}},"loc":{"start":{"line":6,"column":28},"end":{"line":6,"column":73}},"line":6},"3":{"name":"(anonymous_3)","decl":{"start":{"line":8,"column":15},"end":{"line":8,"column":16}},"loc":{"start":{"line":8,"column":34},"end":{"line":15,"column":3}},"line":8},"4":{"name":"(anonymous_4)","decl":{"start":{"line":17,"column":17},"end":{"line":17,"column":18}},"loc":{"start":{"line":17,"column":34},"end":{"line":19,"column":25}},"line":17},"5":{"name":"(anonymous_5)","decl":{"start":{"line":21,"column":17},"end":{"line":21,"column":18}},"loc":{"start":{"line":21,"column":31},"end":{"line":27,"column":3}},"line":21}},"branchMap":{"0":{"loc":{"start":{"line":4,"column":16},"end":{"line":4,"column":27}},"type":"default-arg","locations":[{"start":{"line":4,"column":25},"end":{"line":4,"column":27}}],"line":4},"1":{"loc":{"start":{"line":9,"column":4},"end":{"line":9,"column":84}},"type":"if","locations":[{"start":{"line":9,"column":4},"end":{"line":9,"column":84}},{"start":{"line":9,"column":4},"end":{"line":9,"column":84}}],"line":9},"2":{"loc":{"start":{"line":12,"column":4},"end":{"line":12,"column":79}},"type":"if","locations":[{"start":{"line":12,"column":4},"end":{"line":12,"column":79}},{"start":{"line":12,"column":4},"end":{"line":12,"column":79}}],"line":12},"3":{"loc":{"start":{"line":23,"column":4},"end":{"line":23,"column":89}},"type":"if","locations":[{"start":{"line":23,"column":4},"end":{"line":23,"column":89}},{"start":{"line":23,"column":4},"end":{"line":23,"column":89}}],"line":23}},"s":{"0":7,"1":7,"2":7,"3":10,"4":7,"5":1,"6":7,"7":3,"8":1,"9":2,"10":2,"11":1,"12":1,"13":7,"14":1,"15":7,"16":2,"17":2,"18":1,"19":1,"20":7},"f":{"0":7,"1":10,"2":1,"3":3,"4":1,"5":2},"b":{"0":[0],"1":[1,2],"2":[1,1],"3":[1,1]},"_coverageSchema":"332fd63041d2c1bcb487cc26dd0d5f7d97098a6c","hash":"26e30eb51b2bd3fb7d57292a2b6da993901f7540"}
,"C:\\Users\\williams.silva\\Documents\\projects\\js\\seubarriga\\src\\services\\balance.js": {"path":"C:\\Users\\williams.silva\\Documents\\projects\\js\\seubarriga\\src\\services\\balance.js","statementMap":{"0":{"start":{"line":1,"column":0},"end":{"line":11,"column":2}},"1":{"start":{"line":2,"column":19},"end":{"line":8,"column":22}},"2":{"start":{"line":2,"column":29},"end":{"line":8,"column":22}},"3":{"start":{"line":10,"column":2},"end":{"line":10,"column":22}}},"fnMap":{"0":{"name":"(anonymous_0)","decl":{"start":{"line":1,"column":17},"end":{"line":1,"column":18}},"loc":{"start":{"line":1,"column":26},"end":{"line":11,"column":1}},"line":1},"1":{"name":"(anonymous_1)","decl":{"start":{"line":2,"column":19},"end":{"line":2,"column":20}},"loc":{"start":{"line":2,"column":29},"end":{"line":8,"column":22}},"line":2}},"branchMap":{},"s":{"0":7,"1":7,"2":10,"3":7},"f":{"0":7,"1":10},"b":{},"_coverageSchema":"332fd63041d2c1bcb487cc26dd0d5f7d97098a6c","hash":"48e34296b0778e132b371d85cd8d64b88a348966"}
,"C:\\Users\\williams.silva\\Documents\\projects\\js\\seubarriga\\src\\services\\transaction.js": {"path":"C:\\Users\\williams.silva\\Documents\\projects\\js\\seubarriga\\src\\services\\transaction.js","statementMap":{"0":{"start":{"line":1,"column":24},"end":{"line":1,"column":60}},"1":{"start":{"line":3,"column":0},"end":{"line":43,"column":2}},"2":{"start":{"line":4,"column":15},"end":{"line":8,"column":13}},"3":{"start":{"line":4,"column":40},"end":{"line":8,"column":13}},"4":{"start":{"line":10,"column":18},"end":{"line":12,"column":12}},"5":{"start":{"line":10,"column":28},"end":{"line":12,"column":12}},"6":{"start":{"line":14,"column":15},"end":{"line":30,"column":3}},"7":{"start":{"line":15,"column":4},"end":{"line":15,"column":100}},"8":{"start":{"line":15,"column":34},"end":{"line":15,"column":100}},"9":{"start":{"line":16,"column":4},"end":{"line":16,"column":92}},"10":{"start":{"line":16,"column":30},"end":{"line":16,"column":92}},"11":{"start":{"line":17,"column":4},"end":{"line":17,"column":88}},"12":{"start":{"line":17,"column":27},"end":{"line":17,"column":88}},"13":{"start":{"line":18,"column":4},"end":{"line":18,"column":91}},"14":{"start":{"line":18,"column":29},"end":{"line":18,"column":91}},"15":{"start":{"line":19,"column":4},"end":{"line":19,"column":88}},"16":{"start":{"line":19,"column":27},"end":{"line":19,"column":88}},"17":{"start":{"line":20,"column":4},"end":{"line":20,"column":109}},"18":{"start":{"line":20,"column":65},"end":{"line":20,"column":109}},"19":{"start":{"line":22,"column":27},"end":{"line":22,"column":45}},"20":{"start":{"line":23,"column":4},"end":{"line":26,"column":5}},"21":{"start":{"line":25,"column":6},"end":{"line":25,"column":35}},"22":{"start":{"line":28,"column":4},"end":{"line":29,"column":35}},"23":{"start":{"line":32,"column":17},"end":{"line":34,"column":29}},"24":{"start":{"line":32,"column":38},"end":{"line":34,"column":29}},"25":{"start":{"line":36,"column":17},"end":{"line":38,"column":10}},"26":{"start":{"line":36,"column":23},"end":{"line":38,"column":10}},"27":{"start":{"line":40,"column":2},"end":{"line":42,"column":4}}},"fnMap":{"0":{"name":"(anonymous_0)","decl":{"start":{"line":3,"column":17},"end":{"line":3,"column":18}},"loc":{"start":{"line":3,"column":26},"end":{"line":43,"column":1}},"line":3},"1":{"name":"(anonymous_1)","decl":{"start":{"line":4,"column":15},"end":{"line":4,"column":16}},"loc":{"start":{"line":4,"column":40},"end":{"line":8,"column":13}},"line":4},"2":{"name":"(anonymous_2)","decl":{"start":{"line":10,"column":18},"end":{"line":10,"column":19}},"loc":{"start":{"line":10,"column":28},"end":{"line":12,"column":12}},"line":10},"3":{"name":"(anonymous_3)","decl":{"start":{"line":14,"column":15},"end":{"line":14,"column":16}},"loc":{"start":{"line":14,"column":32},"end":{"line":30,"column":3}},"line":14},"4":{"name":"(anonymous_4)","decl":{"start":{"line":32,"column":17},"end":{"line":32,"column":18}},"loc":{"start":{"line":32,"column":38},"end":{"line":34,"column":29}},"line":32},"5":{"name":"(anonymous_5)","decl":{"start":{"line":36,"column":17},"end":{"line":36,"column":18}},"loc":{"start":{"line":36,"column":23},"end":{"line":38,"column":10}},"line":36}},"branchMap":{"0":{"loc":{"start":{"line":4,"column":24},"end":{"line":4,"column":35}},"type":"default-arg","locations":[{"start":{"line":4,"column":33},"end":{"line":4,"column":35}}],"line":4},"1":{"loc":{"start":{"line":15,"column":4},"end":{"line":15,"column":100}},"type":"if","locations":[{"start":{"line":15,"column":4},"end":{"line":15,"column":100}},{"start":{"line":15,"column":4},"end":{"line":15,"column":100}}],"line":15},"2":{"loc":{"start":{"line":16,"column":4},"end":{"line":16,"column":92}},"type":"if","locations":[{"start":{"line":16,"column":4},"end":{"line":16,"column":92}},{"start":{"line":16,"column":4},"end":{"line":16,"column":92}}],"line":16},"3":{"loc":{"start":{"line":17,"column":4},"end":{"line":17,"column":88}},"type":"if","locations":[{"start":{"line":17,"column":4},"end":{"line":17,"column":88}},{"start":{"line":17,"column":4},"end":{"line":17,"column":88}}],"line":17},"4":{"loc":{"start":{"line":18,"column":4},"end":{"line":18,"column":91}},"type":"if","locations":[{"start":{"line":18,"column":4},"end":{"line":18,"column":91}},{"start":{"line":18,"column":4},"end":{"line":18,"column":91}}],"line":18},"5":{"loc":{"start":{"line":19,"column":4},"end":{"line":19,"column":88}},"type":"if","locations":[{"start":{"line":19,"column":4},"end":{"line":19,"column":88}},{"start":{"line":19,"column":4},"end":{"line":19,"column":88}}],"line":19},"6":{"loc":{"start":{"line":20,"column":4},"end":{"line":20,"column":109}},"type":"if","locations":[{"start":{"line":20,"column":4},"end":{"line":20,"column":109}},{"start":{"line":20,"column":4},"end":{"line":20,"column":109}}],"line":20},"7":{"loc":{"start":{"line":20,"column":10},"end":{"line":20,"column":62}},"type":"binary-expr","locations":[{"start":{"line":20,"column":10},"end":{"line":20,"column":34}},{"start":{"line":20,"column":38},"end":{"line":20,"column":62}}],"line":20},"8":{"loc":{"start":{"line":23,"column":4},"end":{"line":26,"column":5}},"type":"if","locations":[{"start":{"line":23,"column":4},"end":{"line":26,"column":5}},{"start":{"line":23,"column":4},"end":{"line":26,"column":5}}],"line":23},"9":{"loc":{"start":{"line":23,"column":8},"end":{"line":24,"column":62}},"type":"binary-expr","locations":[{"start":{"line":23,"column":9},"end":{"line":23,"column":33}},{"start":{"line":23,"column":37},"end":{"line":23,"column":60}},{"start":{"line":24,"column":10},"end":{"line":24,"column":34}},{"start":{"line":24,"column":38},"end":{"line":24,"column":61}}],"line":23}},"s":{"0":7,"1":7,"2":7,"3":5,"4":7,"5":3,"6":7,"7":16,"8":1,"9":15,"10":1,"11":14,"12":1,"13":13,"14":1,"15":12,"16":1,"17":11,"18":1,"19":10,"20":10,"21":5,"22":10,"23":7,"24":1,"25":7,"26":1,"27":7},"f":{"0":7,"1":5,"2":3,"3":16,"4":1,"5":1},"b":{"0":[1],"1":[1,15],"2":[1,14],"3":[1,13],"4":[1,12],"5":[1,11],"6":[1,10],"7":[11,5],"8":[5,5],"9":[10,6,9,4]},"_coverageSchema":"332fd63041d2c1bcb487cc26dd0d5f7d97098a6c","hash":"db34ab104df4957afa9455c8609523d1d0b38589"}
,"C:\\Users\\williams.silva\\Documents\\projects\\js\\seubarriga\\src\\services\\transfer.js": {"path":"C:\\Users\\williams.silva\\Documents\\projects\\js\\seubarriga\\src\\services\\transfer.js","statementMap":{"0":{"start":{"line":1,"column":24},"end":{"line":1,"column":60}},"1":{"start":{"line":3,"column":0},"end":{"line":97,"column":2}},"2":{"start":{"line":4,"column":15},"end":{"line":6,"column":13}},"3":{"start":{"line":4,"column":32},"end":{"line":6,"column":13}},"4":{"start":{"line":8,"column":18},"end":{"line":10,"column":12}},"5":{"start":{"line":8,"column":35},"end":{"line":10,"column":12}},"6":{"start":{"line":12,"column":19},"end":{"line":24,"column":3}},"7":{"start":{"line":13,"column":4},"end":{"line":13,"column":97}},"8":{"start":{"line":13,"column":31},"end":{"line":13,"column":97}},"9":{"start":{"line":14,"column":4},"end":{"line":14,"column":85}},"10":{"start":{"line":14,"column":24},"end":{"line":14,"column":85}},"11":{"start":{"line":15,"column":4},"end":{"line":15,"column":89}},"12":{"start":{"line":15,"column":27},"end":{"line":15,"column":89}},"13":{"start":{"line":16,"column":4},"end":{"line":16,"column":102}},"14":{"start":{"line":16,"column":30},"end":{"line":16,"column":102}},"15":{"start":{"line":17,"column":4},"end":{"line":17,"column":104}},"16":{"start":{"line":17,"column":31},"end":{"line":17,"column":104}},"17":{"start":{"line":18,"column":4},"end":{"line":18,"column":129}},"18":{"start":{"line":18,"column":54},"end":{"line":18,"column":129}},"19":{"start":{"line":20,"column":21},"end":{"line":20,"column":104}},"20":{"start":{"line":21,"column":4},"end":{"line":23,"column":7}},"21":{"start":{"line":22,"column":6},"end":{"line":22,"column":129}},"22":{"start":{"line":22,"column":58},"end":{"line":22,"column":129}},"23":{"start":{"line":26,"column":15},"end":{"line":54,"column":3}},"24":{"start":{"line":27,"column":19},"end":{"line":27,"column":66}},"25":{"start":{"line":28,"column":23},"end":{"line":28,"column":35}},"26":{"start":{"line":30,"column":25},"end":{"line":49,"column":5}},"27":{"start":{"line":51,"column":4},"end":{"line":51,"column":54}},"28":{"start":{"line":53,"column":4},"end":{"line":53,"column":18}},"29":{"start":{"line":56,"column":17},"end":{"line":87,"column":3}},"30":{"start":{"line":57,"column":19},"end":{"line":59,"column":28}},"31":{"start":{"line":61,"column":25},"end":{"line":80,"column":5}},"32":{"start":{"line":82,"column":4},"end":{"line":82,"column":66}},"33":{"start":{"line":84,"column":4},"end":{"line":84,"column":54}},"34":{"start":{"line":86,"column":4},"end":{"line":86,"column":18}},"35":{"start":{"line":89,"column":17},"end":{"line":92,"column":3}},"36":{"start":{"line":90,"column":4},"end":{"line":90,"column":66}},"37":{"start":{"line":91,"column":4},"end":{"line":91,"column":51}},"38":{"start":{"line":94,"column":2},"end":{"line":96,"column":4}}},"fnMap":{"0":{"name":"(anonymous_0)","decl":{"start":{"line":3,"column":17},"end":{"line":3,"column":18}},"loc":{"start":{"line":3,"column":26},"end":{"line":97,"column":1}},"line":3},"1":{"name":"(anonymous_1)","decl":{"start":{"line":4,"column":15},"end":{"line":4,"column":16}},"loc":{"start":{"line":4,"column":32},"end":{"line":6,"column":13}},"line":4},"2":{"name":"(anonymous_2)","decl":{"start":{"line":8,"column":18},"end":{"line":8,"column":19}},"loc":{"start":{"line":8,"column":35},"end":{"line":10,"column":12}},"line":8},"3":{"name":"(anonymous_3)","decl":{"start":{"line":12,"column":19},"end":{"line":12,"column":20}},"loc":{"start":{"line":12,"column":39},"end":{"line":24,"column":3}},"line":12},"4":{"name":"(anonymous_4)","decl":{"start":{"line":21,"column":21},"end":{"line":21,"column":22}},"loc":{"start":{"line":21,"column":30},"end":{"line":23,"column":5}},"line":21},"5":{"name":"(anonymous_5)","decl":{"start":{"line":26,"column":15},"end":{"line":26,"column":16}},"loc":{"start":{"line":26,"column":35},"end":{"line":54,"column":3}},"line":26},"6":{"name":"(anonymous_6)","decl":{"start":{"line":56,"column":17},"end":{"line":56,"column":18}},"loc":{"start":{"line":56,"column":41},"end":{"line":87,"column":3}},"line":56},"7":{"name":"(anonymous_7)","decl":{"start":{"line":89,"column":17},"end":{"line":89,"column":18}},"loc":{"start":{"line":89,"column":31},"end":{"line":92,"column":3}},"line":89}},"branchMap":{"0":{"loc":{"start":{"line":4,"column":16},"end":{"line":4,"column":27}},"type":"default-arg","locations":[{"start":{"line":4,"column":25},"end":{"line":4,"column":27}}],"line":4},"1":{"loc":{"start":{"line":8,"column":19},"end":{"line":8,"column":30}},"type":"default-arg","locations":[{"start":{"line":8,"column":28},"end":{"line":8,"column":30}}],"line":8},"2":{"loc":{"start":{"line":13,"column":4},"end":{"line":13,"column":97}},"type":"if","locations":[{"start":{"line":13,"column":4},"end":{"line":13,"column":97}},{"start":{"line":13,"column":4},"end":{"line":13,"column":97}}],"line":13},"3":{"loc":{"start":{"line":14,"column":4},"end":{"line":14,"column":85}},"type":"if","locations":[{"start":{"line":14,"column":4},"end":{"line":14,"column":85}},{"start":{"line":14,"column":4},"end":{"line":14,"column":85}}],"line":14},"4":{"loc":{"start":{"line":15,"column":4},"end":{"line":15,"column":89}},"type":"if","locations":[{"start":{"line":15,"column":4},"end":{"line":15,"column":89}},{"start":{"line":15,"column":4},"end":{"line":15,"column":89}}],"line":15},"5":{"loc":{"start":{"line":16,"column":4},"end":{"line":16,"column":102}},"type":"if","locations":[{"start":{"line":16,"column":4},"end":{"line":16,"column":102}},{"start":{"line":16,"column":4},"end":{"line":16,"column":102}}],"line":16},"6":{"loc":{"start":{"line":17,"column":4},"end":{"line":17,"column":104}},"type":"if","locations":[{"start":{"line":17,"column":4},"end":{"line":17,"column":104}},{"start":{"line":17,"column":4},"end":{"line":17,"column":104}}],"line":17},"7":{"loc":{"start":{"line":18,"column":4},"end":{"line":18,"column":129}},"type":"if","locations":[{"start":{"line":18,"column":4},"end":{"line":18,"column":129}},{"start":{"line":18,"column":4},"end":{"line":18,"column":129}}],"line":18},"8":{"loc":{"start":{"line":22,"column":6},"end":{"line":22,"column":129}},"type":"if","locations":[{"start":{"line":22,"column":6},"end":{"line":22,"column":129}},{"start":{"line":22,"column":6},"end":{"line":22,"column":129}}],"line":22}},"s":{"0":7,"1":7,"2":7,"3":1,"4":7,"5":12,"6":7,"7":18,"8":2,"9":16,"10":2,"11":14,"12":2,"13":12,"14":2,"15":10,"16":2,"17":8,"18":2,"19":6,"20":6,"21":12,"22":2,"23":7,"24":3,"25":3,"26":3,"27":3,"28":3,"29":7,"30":1,"31":1,"32":1,"33":1,"34":1,"35":7,"36":1,"37":1,"38":7},"f":{"0":7,"1":1,"2":12,"3":18,"4":12,"5":3,"6":1,"7":1},"b":{"0":[0],"1":[0],"2":[2,16],"3":[2,14],"4":[2,12],"5":[2,10],"6":[2,8],"7":[2,6],"8":[2,10]},"_coverageSchema":"332fd63041d2c1bcb487cc26dd0d5f7d97098a6c","hash":"5a44dd9fc15e5f23235eda4e7bdceca3d1fd11af"}
,"C:\\Users\\williams.silva\\Documents\\projects\\js\\seubarriga\\src\\services\\user.js": {"path":"C:\\Users\\williams.silva\\Documents\\projects\\js\\seubarriga\\src\\services\\user.js","statementMap":{"0":{"start":{"line":1,"column":15},"end":{"line":1,"column":39}},"1":{"start":{"line":2,"column":24},"end":{"line":2,"column":60}},"2":{"start":{"line":4,"column":0},"end":{"line":27,"column":2}},"3":{"start":{"line":5,"column":18},"end":{"line":5,"column":71}},"4":{"start":{"line":5,"column":24},"end":{"line":5,"column":71}},"5":{"start":{"line":6,"column":18},"end":{"line":6,"column":72}},"6":{"start":{"line":6,"column":35},"end":{"line":6,"column":72}},"7":{"start":{"line":8,"column":26},"end":{"line":11,"column":3}},"8":{"start":{"line":9,"column":17},"end":{"line":9,"column":39}},"9":{"start":{"line":10,"column":4},"end":{"line":10,"column":43}},"10":{"start":{"line":13,"column":15},"end":{"line":25,"column":3}},"11":{"start":{"line":14,"column":4},"end":{"line":14,"column":81}},"12":{"start":{"line":14,"column":20},"end":{"line":14,"column":81}},"13":{"start":{"line":15,"column":4},"end":{"line":15,"column":83}},"14":{"start":{"line":15,"column":21},"end":{"line":15,"column":83}},"15":{"start":{"line":16,"column":4},"end":{"line":16,"column":86}},"16":{"start":{"line":16,"column":24},"end":{"line":16,"column":86}},"17":{"start":{"line":18,"column":19},"end":{"line":18,"column":55}},"18":{"start":{"line":19,"column":4},"end":{"line":19,"column":82}},"19":{"start":{"line":19,"column":16},"end":{"line":19,"column":82}},"20":{"start":{"line":21,"column":20},"end":{"line":21,"column":31}},"21":{"start":{"line":22,"column":4},"end":{"line":22,"column":54}},"22":{"start":{"line":24,"column":4},"end":{"line":24,"column":68}},"23":{"start":{"line":26,"column":2},"end":{"line":26,"column":36}}},"fnMap":{"0":{"name":"(anonymous_0)","decl":{"start":{"line":4,"column":17},"end":{"line":4,"column":18}},"loc":{"start":{"line":4,"column":26},"end":{"line":27,"column":1}},"line":4},"1":{"name":"(anonymous_1)","decl":{"start":{"line":5,"column":18},"end":{"line":5,"column":19}},"loc":{"start":{"line":5,"column":24},"end":{"line":5,"column":71}},"line":5},"2":{"name":"(anonymous_2)","decl":{"start":{"line":6,"column":18},"end":{"line":6,"column":19}},"loc":{"start":{"line":6,"column":35},"end":{"line":6,"column":72}},"line":6},"3":{"name":"(anonymous_3)","decl":{"start":{"line":8,"column":26},"end":{"line":8,"column":27}},"loc":{"start":{"line":8,"column":40},"end":{"line":11,"column":3}},"line":8},"4":{"name":"(anonymous_4)","decl":{"start":{"line":13,"column":15},"end":{"line":13,"column":16}},"loc":{"start":{"line":13,"column":31},"end":{"line":25,"column":3}},"line":13}},"branchMap":{"0":{"loc":{"start":{"line":6,"column":19},"end":{"line":6,"column":30}},"type":"default-arg","locations":[{"start":{"line":6,"column":28},"end":{"line":6,"column":30}}],"line":6},"1":{"loc":{"start":{"line":14,"column":4},"end":{"line":14,"column":81}},"type":"if","locations":[{"start":{"line":14,"column":4},"end":{"line":14,"column":81}},{"start":{"line":14,"column":4},"end":{"line":14,"column":81}}],"line":14},"2":{"loc":{"start":{"line":15,"column":4},"end":{"line":15,"column":83}},"type":"if","locations":[{"start":{"line":15,"column":4},"end":{"line":15,"column":83}},{"start":{"line":15,"column":4},"end":{"line":15,"column":83}}],"line":15},"3":{"loc":{"start":{"line":16,"column":4},"end":{"line":16,"column":86}},"type":"if","locations":[{"start":{"line":16,"column":4},"end":{"line":16,"column":86}},{"start":{"line":16,"column":4},"end":{"line":16,"column":86}}],"line":16},"4":{"loc":{"start":{"line":19,"column":4},"end":{"line":19,"column":82}},"type":"if","locations":[{"start":{"line":19,"column":4},"end":{"line":19,"column":82}},{"start":{"line":19,"column":4},"end":{"line":19,"column":82}}],"line":19}},"s":{"0":7,"1":7,"2":7,"3":7,"4":1,"5":7,"6":84,"7":7,"8":8,"9":8,"10":7,"11":12,"12":1,"13":11,"14":1,"15":10,"16":1,"17":9,"18":9,"19":1,"20":8,"21":8,"22":8,"23":7},"f":{"0":7,"1":1,"2":84,"3":8,"4":12},"b":{"0":[0],"1":[1,11],"2":[1,10],"3":[1,9],"4":[1,8]},"_coverageSchema":"332fd63041d2c1bcb487cc26dd0d5f7d97098a6c","hash":"561f2ae3e399b4780cfb8c180a269985dbeb39b1"}
}
