TN:
SF:C:\Users\williams.silva\Documents\projects\js\seubarriga\knexfile.js
FNF:0
FNH:0
DA:1,7
LF:1
LH:1
BRF:0
BRH:0
end_of_record
TN:
SF:C:\Users\williams.silva\Documents\projects\js\seubarriga\src\app.js
FN:18,(anonymous_0)
FN:22,(anonymous_1)
FNF:2
FNH:2
FNDA:1,(anonymous_0)
FNDA:34,(anonymous_1)
DA:1,7
DA:2,7
DA:3,7
DA:4,7
DA:6,7
DA:8,7
DA:10,7
DA:18,7
DA:19,1
DA:22,7
DA:23,34
DA:24,34
DA:25,5
DA:30,34
DA:38,7
LF:15
LH:15
BRDA:24,0,0,29
BRDA:24,0,1,5
BRDA:25,1,0,5
BRDA:25,1,1,0
BRF:4
BRH:3
end_of_record
TN:
SF:C:\Users\williams.silva\Documents\projects\js\seubarriga\src\config\middlewares.js
FN:4,(anonymous_0)
FNF:1
FNH:1
FNDA:7,(anonymous_0)
DA:1,7
DA:4,7
DA:5,7
LF:3
LH:3
BRF:0
BRH:0
end_of_record
TN:
SF:C:\Users\williams.silva\Documents\projects\js\seubarriga\src\config\passport.js
FN:8,(anonymous_0)
FN:14,(anonymous_1)
FN:16,(anonymous_2)
FN:19,(anonymous_3)
FN:25,(anonymous_4)
FNF:5
FNH:4
FNDA:7,(anonymous_0)
FNDA:71,(anonymous_1)
FNDA:71,(anonymous_2)
FNDA:0,(anonymous_3)
FNDA:7,(anonymous_4)
DA:1,7
DA:2,7
DA:4,7
DA:6,7
DA:8,7
DA:9,7
DA:14,7
DA:15,71
DA:17,71
DA:18,0
DA:19,0
DA:22,7
DA:24,7
DA:25,7
LF:14
LH:12
BRDA:17,0,0,71
BRDA:17,0,1,0
BRF:2
BRH:1
end_of_record
TN:
SF:C:\Users\williams.silva\Documents\projects\js\seubarriga\src\config\router.js
FN:3,(anonymous_0)
FN:15,(anonymous_1)
FNF:2
FNH:1
FNDA:7,(anonymous_0)
FNDA:0,(anonymous_1)
DA:1,7
DA:3,7
DA:4,7
DA:5,7
DA:7,7
DA:8,7
DA:9,7
DA:10,7
DA:11,7
DA:13,7
DA:15,7
DA:16,7
LF:12
LH:12
BRF:0
BRH:0
end_of_record
TN:
SF:C:\Users\williams.silva\Documents\projects\js\seubarriga\src\errors\RecursoIndevidoError.js
FN:1,RecursoIndevidoError
FNF:1
FNH:1
FNDA:5,RecursoIndevidoError
DA:1,7
DA:2,5
DA:3,5
LF:3
LH:3
BRDA:1,0,0,5
BRF:1
BRH:1
end_of_record
TN:
SF:C:\Users\williams.silva\Documents\projects\js\seubarriga\src\errors\ValidationError.js
FN:1,ValidationError
FNF:1
FNH:1
FNDA:29,ValidationError
DA:1,7
DA:2,29
DA:3,29
LF:3
LH:3
BRF:0
BRH:0
end_of_record
TN:
SF:C:\Users\williams.silva\Documents\projects\js\seubarriga\src\routes\accounts.js
FN:4,(anonymous_0)
FN:7,(anonymous_1)
FN:9,(anonymous_2)
FN:12,(anonymous_3)
FN:15,(anonymous_4)
FN:17,(anonymous_5)
FN:18,(anonymous_6)
FN:21,(anonymous_7)
FN:23,(anonymous_8)
FN:24,(anonymous_9)
FN:27,(anonymous_10)
FN:29,(anonymous_11)
FN:30,(anonymous_12)
FN:33,(anonymous_13)
FN:35,(anonymous_14)
FN:36,(anonymous_15)
FN:39,(anonymous_16)
FN:41,(anonymous_17)
FN:42,(anonymous_18)
FNF:19
FNH:16
FNDA:7,(anonymous_0)
FNDA:7,(anonymous_1)
FNDA:7,(anonymous_2)
FNDA:3,(anonymous_3)
FNDA:3,(anonymous_4)
FNDA:1,(anonymous_5)
FNDA:2,(anonymous_6)
FNDA:1,(anonymous_7)
FNDA:1,(anonymous_8)
FNDA:0,(anonymous_9)
FNDA:1,(anonymous_10)
FNDA:1,(anonymous_11)
FNDA:0,(anonymous_12)
FNDA:1,(anonymous_13)
FNDA:1,(anonymous_14)
FNDA:0,(anonymous_15)
FNDA:2,(anonymous_16)
FNDA:1,(anonymous_17)
FNDA:1,(anonymous_18)
DA:1,7
DA:2,7
DA:4,7
DA:5,7
DA:7,7
DA:8,7
DA:10,7
DA:11,4
DA:12,3
DA:15,7
DA:16,3
DA:17,1
DA:18,2
DA:21,7
DA:22,1
DA:23,1
DA:24,0
DA:27,7
DA:28,1
DA:29,1
DA:30,0
DA:33,7
DA:34,1
DA:35,1
DA:36,0
DA:39,7
DA:40,2
DA:41,1
DA:42,1
DA:45,7
LF:30
LH:27
BRDA:10,0,0,3
BRDA:10,0,1,4
BRF:2
BRH:2
end_of_record
TN:
SF:C:\Users\williams.silva\Documents\projects\js\seubarriga\src\routes\auth.js
FN:8,(anonymous_0)
FN:11,(anonymous_1)
FN:13,(anonymous_2)
FN:24,(anonymous_3)
FN:27,(anonymous_4)
FNF:5
FNH:5
FNDA:7,(anonymous_0)
FNDA:3,(anonymous_1)
FNDA:3,(anonymous_2)
FNDA:2,(anonymous_3)
FNDA:1,(anonymous_4)
DA:1,7
DA:2,7
DA:3,7
DA:4,7
DA:6,7
DA:8,7
DA:9,7
DA:11,7
DA:12,3
DA:14,3
DA:15,2
DA:16,1
DA:21,1
DA:22,1
DA:23,1
DA:24,2
DA:27,7
DA:28,1
DA:29,1
DA:30,1
DA:32,0
DA:36,7
LF:22
LH:21
BRDA:14,0,0,1
BRDA:14,0,1,2
BRDA:15,1,0,1
BRDA:15,1,1,1
BRF:4
BRH:4
end_of_record
TN:
SF:C:\Users\williams.silva\Documents\projects\js\seubarriga\src\routes\balance.js
FN:3,(anonymous_0)
FN:6,(anonymous_1)
FN:8,(anonymous_2)
FN:9,(anonymous_3)
FNF:4
FNH:3
FNDA:7,(anonymous_0)
FNDA:10,(anonymous_1)
FNDA:10,(anonymous_2)
FNDA:0,(anonymous_3)
DA:1,7
DA:3,7
DA:4,7
DA:6,7
DA:7,10
DA:8,10
DA:9,0
DA:12,7
LF:8
LH:7
BRF:0
BRH:0
end_of_record
TN:
SF:C:\Users\williams.silva\Documents\projects\js\seubarriga\src\routes\transactions.js
FN:4,(anonymous_0)
FN:7,(anonymous_1)
FN:9,(anonymous_2)
FN:12,(anonymous_3)
FN:15,(anonymous_4)
FN:17,(anonymous_5)
FN:18,(anonymous_6)
FN:21,(anonymous_7)
FN:23,(anonymous_8)
FN:24,(anonymous_9)
FN:27,(anonymous_10)
FN:29,(anonymous_11)
FN:30,(anonymous_12)
FN:33,(anonymous_13)
FN:35,(anonymous_14)
FN:36,(anonymous_15)
FN:39,(anonymous_16)
FN:41,(anonymous_17)
FN:42,(anonymous_18)
FNF:19
FNH:14
FNDA:7,(anonymous_0)
FNDA:4,(anonymous_1)
FNDA:4,(anonymous_2)
FNDA:1,(anonymous_3)
FNDA:1,(anonymous_4)
FNDA:1,(anonymous_5)
FNDA:0,(anonymous_6)
FNDA:16,(anonymous_7)
FNDA:10,(anonymous_8)
FNDA:0,(anonymous_9)
FNDA:1,(anonymous_10)
FNDA:1,(anonymous_11)
FNDA:0,(anonymous_12)
FNDA:1,(anonymous_13)
FNDA:1,(anonymous_14)
FNDA:0,(anonymous_15)
FNDA:1,(anonymous_16)
FNDA:1,(anonymous_17)
FNDA:0,(anonymous_18)
DA:1,7
DA:2,7
DA:4,7
DA:5,7
DA:7,7
DA:8,4
DA:10,4
DA:11,1
DA:12,1
DA:15,7
DA:16,1
DA:17,1
DA:18,0
DA:21,7
DA:22,16
DA:23,10
DA:24,0
DA:27,7
DA:28,1
DA:29,1
DA:30,0
DA:33,7
DA:34,1
DA:35,1
DA:36,0
DA:39,7
DA:40,1
DA:41,1
DA:42,0
DA:45,7
LF:30
LH:25
BRDA:10,0,0,3
BRDA:10,0,1,1
BRF:2
BRH:2
end_of_record
TN:
SF:C:\Users\williams.silva\Documents\projects\js\seubarriga\src\routes\transfers.js
FN:5,(anonymous_0)
FN:8,(anonymous_1)
FN:10,(anonymous_2)
FN:11,(anonymous_3)
FN:14,(anonymous_4)
FN:16,(anonymous_5)
FN:19,(anonymous_6)
FN:22,(anonymous_7)
FN:24,(anonymous_8)
FN:25,(anonymous_9)
FN:28,(anonymous_10)
FN:31,(anonymous_11)
FN:32,(anonymous_12)
FN:35,(anonymous_13)
FN:37,(anonymous_14)
FN:38,(anonymous_15)
FN:41,(anonymous_16)
FN:43,(anonymous_17)
FN:44,(anonymous_18)
FN:47,(anonymous_19)
FN:49,(anonymous_20)
FN:50,(anonymous_21)
FNF:22
FNH:17
FNDA:7,(anonymous_0)
FNDA:18,(anonymous_1)
FNDA:4,(anonymous_2)
FNDA:14,(anonymous_3)
FNDA:11,(anonymous_4)
FNDA:11,(anonymous_5)
FNDA:1,(anonymous_6)
FNDA:1,(anonymous_7)
FNDA:1,(anonymous_8)
FNDA:0,(anonymous_9)
FNDA:3,(anonymous_10)
FNDA:3,(anonymous_11)
FNDA:0,(anonymous_12)
FNDA:1,(anonymous_13)
FNDA:1,(anonymous_14)
FNDA:0,(anonymous_15)
FNDA:1,(anonymous_16)
FNDA:1,(anonymous_17)
FNDA:0,(anonymous_18)
FNDA:1,(anonymous_19)
FNDA:1,(anonymous_20)
FNDA:0,(anonymous_21)
DA:1,7
DA:3,7
DA:5,7
DA:6,7
DA:8,7
DA:9,18
DA:10,4
DA:11,14
DA:14,7
DA:15,11
DA:17,11
DA:18,10
DA:19,1
DA:22,7
DA:23,1
DA:24,1
DA:25,0
DA:28,7
DA:29,3
DA:30,3
DA:31,3
DA:32,0
DA:35,7
DA:36,1
DA:37,1
DA:38,0
DA:41,7
DA:42,1
DA:43,1
DA:44,0
DA:47,7
DA:48,1
DA:49,1
DA:50,0
DA:53,7
LF:35
LH:30
BRDA:17,0,0,1
BRDA:17,0,1,10
BRF:2
BRH:2
end_of_record
TN:
SF:C:\Users\williams.silva\Documents\projects\js\seubarriga\src\routes\users.js
FN:3,(anonymous_0)
FN:6,(anonymous_1)
FN:8,(anonymous_2)
FN:9,(anonymous_3)
FN:11,(anonymous_4)
FNF:5
FNH:4
FNDA:7,(anonymous_0)
FNDA:1,(anonymous_1)
FNDA:1,(anonymous_2)
FNDA:0,(anonymous_3)
FNDA:6,(anonymous_4)
DA:1,7
DA:3,7
DA:4,7
DA:6,7
DA:7,1
DA:8,1
DA:9,0
DA:11,7
DA:12,6
DA:13,6
DA:14,2
DA:16,4
DA:20,7
LF:13
LH:12
BRF:0
BRH:0
end_of_record
TN:
SF:C:\Users\williams.silva\Documents\projects\js\seubarriga\src\seeds\V1_transfer.js
FN:1,(anonymous_0)
FN:2,(anonymous_1)
FN:3,(anonymous_2)
FN:4,(anonymous_3)
FN:5,(anonymous_4)
FN:20,(anonymous_5)
FN:27,(anonymous_6)
FN:48,(anonymous_7)
FNF:8
FNH:8
FNDA:2,(anonymous_0)
FNDA:2,(anonymous_1)
FNDA:2,(anonymous_2)
FNDA:2,(anonymous_3)
FNDA:2,(anonymous_4)
FNDA:2,(anonymous_5)
FNDA:2,(anonymous_6)
FNDA:2,(anonymous_7)
DA:1,2
DA:2,2
DA:3,2
DA:4,2
DA:5,2
DA:20,2
DA:27,2
DA:48,2
LF:8
LH:8
BRF:0
BRH:0
end_of_record
TN:
SF:C:\Users\williams.silva\Documents\projects\js\seubarriga\src\seeds\V2_balance.js
FN:3,(anonymous_0)
FN:23,(anonymous_1)
FN:32,(anonymous_2)
FN:53,(anonymous_3)
FNF:4
FNH:4
FNDA:2,(anonymous_0)
FNDA:2,(anonymous_1)
FNDA:2,(anonymous_2)
FNDA:2,(anonymous_3)
DA:1,2
DA:3,2
DA:23,2
DA:32,2
DA:53,2
LF:5
LH:5
BRF:0
BRH:0
end_of_record
TN:
SF:C:\Users\williams.silva\Documents\projects\js\seubarriga\src\services\account.js
FN:3,(anonymous_0)
FN:4,(anonymous_1)
FN:6,(anonymous_2)
FN:8,(anonymous_3)
FN:17,(anonymous_4)
FN:21,(anonymous_5)
FNF:6
FNH:6
FNDA:7,(anonymous_0)
FNDA:10,(anonymous_1)
FNDA:1,(anonymous_2)
FNDA:3,(anonymous_3)
FNDA:1,(anonymous_4)
FNDA:2,(anonymous_5)
DA:1,7
DA:3,7
DA:4,10
DA:6,7
DA:8,7
DA:9,3
DA:11,2
DA:12,2
DA:14,1
DA:17,7
DA:21,7
DA:22,2
DA:23,2
DA:24,1
DA:29,7
LF:15
LH:15
BRDA:4,0,0,0
BRDA:9,1,0,1
BRDA:9,1,1,2
BRDA:12,2,0,1
BRDA:12,2,1,1
BRDA:23,3,0,1
BRDA:23,3,1,1
BRF:7
BRH:6
end_of_record
TN:
SF:C:\Users\williams.silva\Documents\projects\js\seubarriga\src\services\balance.js
FN:1,(anonymous_0)
FN:2,(anonymous_1)
FNF:2
FNH:2
FNDA:7,(anonymous_0)
FNDA:10,(anonymous_1)
DA:1,7
DA:2,10
DA:10,7
LF:3
LH:3
BRF:0
BRH:0
end_of_record
TN:
SF:C:\Users\williams.silva\Documents\projects\js\seubarriga\src\services\transaction.js
FN:3,(anonymous_0)
FN:4,(anonymous_1)
FN:10,(anonymous_2)
FN:14,(anonymous_3)
FN:32,(anonymous_4)
FN:36,(anonymous_5)
FNF:6
FNH:6
FNDA:7,(anonymous_0)
FNDA:5,(anonymous_1)
FNDA:3,(anonymous_2)
FNDA:16,(anonymous_3)
FNDA:1,(anonymous_4)
FNDA:1,(anonymous_5)
DA:1,7
DA:3,7
DA:4,7
DA:10,7
DA:14,7
DA:15,16
DA:16,15
DA:17,14
DA:18,13
DA:19,12
DA:20,11
DA:22,10
DA:23,10
DA:25,5
DA:28,10
DA:32,7
DA:36,7
DA:40,7
LF:18
LH:18
BRDA:4,0,0,1
BRDA:15,1,0,1
BRDA:15,1,1,15
BRDA:16,2,0,1
BRDA:16,2,1,14
BRDA:17,3,0,1
BRDA:17,3,1,13
BRDA:18,4,0,1
BRDA:18,4,1,12
BRDA:19,5,0,1
BRDA:19,5,1,11
BRDA:20,6,0,1
BRDA:20,6,1,10
BRDA:20,7,0,11
BRDA:20,7,1,5
BRDA:23,8,0,5
BRDA:23,8,1,5
BRDA:23,9,0,10
BRDA:23,9,1,6
BRDA:23,9,2,9
BRDA:23,9,3,4
BRF:21
BRH:21
end_of_record
TN:
SF:C:\Users\williams.silva\Documents\projects\js\seubarriga\src\services\transfer.js
FN:3,(anonymous_0)
FN:4,(anonymous_1)
FN:8,(anonymous_2)
FN:12,(anonymous_3)
FN:21,(anonymous_4)
FN:26,(anonymous_5)
FN:56,(anonymous_6)
FN:89,(anonymous_7)
FNF:8
FNH:8
FNDA:7,(anonymous_0)
FNDA:1,(anonymous_1)
FNDA:12,(anonymous_2)
FNDA:18,(anonymous_3)
FNDA:12,(anonymous_4)
FNDA:3,(anonymous_5)
FNDA:1,(anonymous_6)
FNDA:1,(anonymous_7)
DA:1,7
DA:3,7
DA:4,7
DA:8,12
DA:12,7
DA:13,18
DA:14,16
DA:15,14
DA:16,12
DA:17,10
DA:18,8
DA:20,6
DA:21,6
DA:22,12
DA:26,7
DA:27,3
DA:28,3
DA:30,3
DA:51,3
DA:53,3
DA:56,7
DA:57,1
DA:61,1
DA:82,1
DA:84,1
DA:86,1
DA:89,7
DA:90,1
DA:91,1
DA:94,7
LF:30
LH:30
BRDA:4,0,0,0
BRDA:8,1,0,0
BRDA:13,2,0,2
BRDA:13,2,1,16
BRDA:14,3,0,2
BRDA:14,3,1,14
BRDA:15,4,0,2
BRDA:15,4,1,12
BRDA:16,5,0,2
BRDA:16,5,1,10
BRDA:17,6,0,2
BRDA:17,6,1,8
BRDA:18,7,0,2
BRDA:18,7,1,6
BRDA:22,8,0,2
BRDA:22,8,1,10
BRF:16
BRH:14
end_of_record
TN:
SF:C:\Users\williams.silva\Documents\projects\js\seubarriga\src\services\user.js
FN:4,(anonymous_0)
FN:5,(anonymous_1)
FN:6,(anonymous_2)
FN:8,(anonymous_3)
FN:13,(anonymous_4)
FNF:5
FNH:5
FNDA:7,(anonymous_0)
FNDA:1,(anonymous_1)
FNDA:84,(anonymous_2)
FNDA:8,(anonymous_3)
FNDA:12,(anonymous_4)
DA:1,7
DA:2,7
DA:4,7
DA:5,7
DA:6,84
DA:8,7
DA:9,8
DA:10,8
DA:13,7
DA:14,12
DA:15,11
DA:16,10
DA:18,9
DA:19,9
DA:21,8
DA:22,8
DA:24,8
DA:26,7
LF:18
LH:18
BRDA:6,0,0,0
BRDA:14,1,0,1
BRDA:14,1,1,11
BRDA:15,2,0,1
BRDA:15,2,1,10
BRDA:16,3,0,1
BRDA:16,3,1,9
BRDA:19,4,0,1
BRDA:19,4,1,8
BRF:9
BRH:8
end_of_record
